<?xml version="1.0" encoding="UTF-8"?>
<!-- Generated by org.testng.reporters.JUnitReportReporter -->
<testsuite hostname="WIN10I-1IJ8NK9M" failures="0" tests="3" name="com.selenium.tests.TC_001_SearchEmployees" time="17.405" errors="0" timestamp="2022-09-27T15:35:39 IST" skipped="0">
  <testcase classname="com.selenium.tests.TC_001_SearchEmployees" name="m_login" time="9.310"/>
  <system-out/>
  <testcase classname="com.selenium.tests.TC_001_SearchEmployees" name="m_checkEmployeeLists" time="6.895"/>
  <system-out/>
  <testcase classname="com.selenium.tests.TC_001_SearchEmployees" name="m_logout" time="1.200"/>
  <system-out/>
</testsuite> <!-- com.selenium.tests.TC_001_SearchEmployees -->
