<?xml version="1.0" encoding="UTF-8"?>
<!-- Generated by org.testng.reporters.JUnitReportReporter -->
<testsuite hostname="WIN10I-1IJ8NK9M" failures="0" tests="1" name="com.selenium.tests.Test" time="2.050" errors="0" timestamp="2022-09-15T17:43:30 IST" skipped="0">
  <testcase classname="com.selenium.tests.Test" name="test" time="2.050"/>
  <system-out/>
</testsuite> <!-- com.selenium.tests.Test -->
