<?xml version="1.0" encoding="UTF-8"?>
<!-- Generated by org.testng.reporters.JUnitReportReporter -->
<testsuite hostname="WIN10I-1IJ8NK9M" failures="0" tests="6" name="com.selenium.tests.TC_001_SearchEmployees" time="29.821" errors="0" timestamp="2022-09-27T15:29:54 IST" skipped="0">
  <testcase classname="com.selenium.tests.TC_001_SearchEmployees" name="m_login" time="10.076"/>
  <system-out/>
  <testcase classname="com.selenium.tests.TC_001_SearchEmployees" name="m_login" time="9.584"/>
  <system-out/>
  <testcase classname="com.selenium.tests.TC_001_SearchEmployees" name="m_checkEmployeeLists" time="3.756"/>
  <system-out/>
  <testcase classname="com.selenium.tests.TC_001_SearchEmployees" name="m_checkEmployeeLists" time="3.652"/>
  <system-out/>
  <testcase classname="com.selenium.tests.TC_001_SearchEmployees" name="m_logout" time="1.135"/>
  <system-out/>
  <testcase classname="com.selenium.tests.TC_001_SearchEmployees" name="m_logout" time="1.618"/>
  <system-out/>
</testsuite> <!-- com.selenium.tests.TC_001_SearchEmployees -->
